<?xml version="1.0" encoding="UTF-8"?>
<!-- Generated by org.testng.reporters.JUnitReportReporter -->
<testsuite skipped="0" hostname="apples-MacBook-Pro-2.local" name="testCases.SearchProductTestCases" tests="4" failures="0" timestamp="15 Oct 2019 17:26:51 GMT" time="48.860" errors="0">
  <testcase name="filterProductByBrand" time="16.825" classname="testCases.SearchProductTestCases"/>
  <testcase name="selectFirstSearchProduct" time="11.830" classname="testCases.SearchProductTestCases"/>
  <testcase name="filterProductByPriceLowToHigh" time="12.417" classname="testCases.SearchProductTestCases"/>
  <testcase name="searchProductAsGuestUser" time="7.788" classname="testCases.SearchProductTestCases"/>
</testsuite> <!-- testCases.SearchProductTestCases -->
