<?xml version="1.0" encoding="UTF-8"?>
<testsuite name="testCases.SearchProductTestCases" tests="4" skipped="0" failures="0" errors="0" timestamp="2019-10-15T17:26:00" hostname="apples-MacBook-Pro-2.local" time="44.984">
  <properties/>
  <testcase name="filterProductByBrand" classname="testCases.SearchProductTestCases" time="15.214"/>
  <testcase name="filterProductByPriceLowToHigh" classname="testCases.SearchProductTestCases" time="8.526"/>
  <testcase name="searchProductAsGuestUser" classname="testCases.SearchProductTestCases" time="5.299"/>
  <testcase name="selectFirstSearchProduct" classname="testCases.SearchProductTestCases" time="10.359"/>
  <system-out><![CDATA[Test case pass and detail are filterProductByBrand
Test case Start and detail arefilterProductByPriceLowToHigh
Test case pass and detail are filterProductByPriceLowToHigh
Test case Start and detail aresearchProductAsGuestUser
Test case pass and detail are searchProductAsGuestUser
Test case Start and detail areselectFirstSearchProduct
size of product is not available
BUY NOW
Test case pass and detail are selectFirstSearchProduct
]]></system-out>
  <system-err><![CDATA[SLF4J: Failed to load class "org.slf4j.impl.StaticLoggerBinder".
SLF4J: Defaulting to no-operation (NOP) logger implementation
SLF4J: See http://www.slf4j.org/codes.html#StaticLoggerBinder for further details.
Starting ChromeDriver 77.0.3865.40 (f484704e052e0b556f8030b65b953dce96503217-refs/branch-heads/3865@{#442}) on port 35155
Only local connections are allowed.
Please protect ports used by ChromeDriver and related test frameworks to prevent access by malicious code.
Oct 15, 2019 10:56:00 PM org.openqa.selenium.remote.ProtocolHandshake createSession
INFO: Detected dialect: W3C
Starting ChromeDriver 77.0.3865.40 (f484704e052e0b556f8030b65b953dce96503217-refs/branch-heads/3865@{#442}) on port 16955
Only local connections are allowed.
Please protect ports used by ChromeDriver and related test frameworks to prevent access by malicious code.
Oct 15, 2019 10:56:18 PM org.openqa.selenium.remote.ProtocolHandshake createSession
INFO: Detected dialect: W3C
Starting ChromeDriver 77.0.3865.40 (f484704e052e0b556f8030b65b953dce96503217-refs/branch-heads/3865@{#442}) on port 37379
Only local connections are allowed.
Please protect ports used by ChromeDriver and related test frameworks to prevent access by malicious code.
Oct 15, 2019 10:56:28 PM org.openqa.selenium.remote.ProtocolHandshake createSession
INFO: Detected dialect: W3C
Starting ChromeDriver 77.0.3865.40 (f484704e052e0b556f8030b65b953dce96503217-refs/branch-heads/3865@{#442}) on port 38654
Only local connections are allowed.
Please protect ports used by ChromeDriver and related test frameworks to prevent access by malicious code.
Oct 15, 2019 10:56:34 PM org.openqa.selenium.remote.ProtocolHandshake createSession
INFO: Detected dialect: W3C
]]></system-err>
</testsuite>
